11:12:59 - бот запущен
17:0:39 - бот запущен
17:0:56 - nikitadsk: вызвана команда START
17:32:44 - бот запущен
17:38:55 - бот запущен
17:39:17 - nikitadsk: вызвана команда START
17:39:55 - бот запущен
17:40:0 - nikitadsk: вызвана регистрация
17:40:0 - nikitadsk: зарегистрирован
17:40:28 - бот запущен
17:46:2 - бот запущен
17:46:7 - nikitadsk: вызвана регистрация
17:46:7 - nikitadsk: зарегистрирован
17:48:4 - бот запущен
17:48:6 - nikitadsk: вызвана регистрация
17:48:6 - nikitadsk: зарегистрировался
17:48:8 - nikitadsk: вызвана регистрация
17:49:59 - бот запущен
17:50:5 - nikitadsk: вызвана регистрация
17:50:5 - nikitadsk: зарегистрировался
17:50:7 - nikitadsk: вызвана регистрация
17:50:27 - бот запущен
17:50:35 - nikitadsk: вызвана регистрация
17:51:13 - Natada122: вызвана команда START
17:51:30 - Natada122: вызвана регистрация
17:51:30 - Natada122: зарегистрировался
17:52:17 - бот запущен
17:52:24 - nikitadsk: вызвана регистрация
